##5464
"com.alibaba.nacos.MergeDatum.0" #95 daemon prio=5 os_prio=0 tid=0x0000015c5b333800 nid=0x1558 runnable [0x000000069b4fe000]
   java.lang.Thread.State: RUNNABLE
	at com.alibaba.nacos.common.task.engine.AbstractNacosTaskExecuteEngine$ProcessRunnable.run(AbstractNacosTaskExecuteEngine.java:175)
	at java.util.concurrent.Executors$RunnableAdapter.call(Executors.java:511)
	at java.util.concurrent.FutureTask.runAndReset(FutureTask.java:308)
	at java.util.concurrent.ScheduledThreadPoolExecutor$ScheduledFutureTask.access$301(ScheduledThreadPoolExecutor.java:180)
	at java.util.concurrent.ScheduledThreadPoolExecutor$ScheduledFutureTask.run(ScheduledThreadPoolExecutor.java:294)
	at java.util.concurrent.ThreadPoolExecutor.runWorker(ThreadPoolExecutor.java:1149)
	at java.util.concurrent.ThreadPoolExecutor$Worker.run(ThreadPoolExecutor.java:624)
	at java.lang.Thread.run(Thread.java:748)

   Locked ownable synchronizers:
	- <0x00000000e21e3b30> (a java.util.concurrent.ThreadPoolExecutor$Worker)
	
	
##2888
"com.alibaba.nacos.server.DumpAllTaskManager.0" #79 daemon prio=5 os_prio=0 tid=0x0000015c5b32a000 nid=0xb48 runnable [0x000000069a5ff000]
   java.lang.Thread.State: RUNNABLE
	at com.alibaba.nacos.common.task.engine.AbstractNacosTaskExecuteEngine$ProcessRunnable.run(AbstractNacosTaskExecuteEngine.java:175)
	at java.util.concurrent.Executors$RunnableAdapter.call(Executors.java:511)
	at java.util.concurrent.FutureTask.runAndReset(FutureTask.java:308)
	at java.util.concurrent.ScheduledThreadPoolExecutor$ScheduledFutureTask.access$301(ScheduledThreadPoolExecutor.java:180)
	at java.util.concurrent.ScheduledThreadPoolExecutor$ScheduledFutureTask.run(ScheduledThreadPoolExecutor.java:294)
	at java.util.concurrent.ThreadPoolExecutor.runWorker(ThreadPoolExecutor.java:1149)
	at java.util.concurrent.ThreadPoolExecutor$Worker.run(ThreadPoolExecutor.java:624)
	at java.lang.Thread.run(Thread.java:748)

   Locked ownable synchronizers:
	- <0x00000000e18eaa78> (a java.util.concurrent.ThreadPoolExecutor$Worker)
	
	
##1344
"com.alibaba.nacos.server.DumpTaskManager.0" #78 daemon prio=5 os_prio=0 tid=0x0000015c5b32b800 nid=0x540 runnable [0x000000069a4fe000]
   java.lang.Thread.State: RUNNABLE
	at java.util.AbstractCollection.addAll(AbstractCollection.java:343)
	at com.alibaba.nacos.common.task.engine.AbstractNacosTaskExecuteEngine.getAllTaskKeys(AbstractNacosTaskExecuteEngine.java:144)
	at com.alibaba.nacos.common.task.engine.NacosDelayTaskExecuteEngine.processTasks(NacosDelayTaskExecuteEngine.java:54)
	at com.alibaba.nacos.config.server.manager.TaskManager.processTasks(TaskManager.java:118)
	at com.alibaba.nacos.common.task.engine.AbstractNacosTaskExecuteEngine$ProcessRunnable.run(AbstractNacosTaskExecuteEngine.java:172)
	at java.util.concurrent.Executors$RunnableAdapter.call(Executors.java:511)
	at java.util.concurrent.FutureTask.runAndReset(FutureTask.java:308)
	at java.util.concurrent.ScheduledThreadPoolExecutor$ScheduledFutureTask.access$301(ScheduledThreadPoolExecutor.java:180)
	at java.util.concurrent.ScheduledThreadPoolExecutor$ScheduledFutureTask.run(ScheduledThreadPoolExecutor.java:294)
	at java.util.concurrent.ThreadPoolExecutor.runWorker(ThreadPoolExecutor.java:1149)
	at java.util.concurrent.ThreadPoolExecutor$Worker.run(ThreadPoolExecutor.java:624)
	at java.lang.Thread.run(Thread.java:748)

   Locked ownable synchronizers:
	- <0x00000000e18ea348> (a java.util.concurrent.ThreadPoolExecutor$Worker)
	- <0x00000000e18ea7a0> (a java.util.concurrent.locks.ReentrantLock$NonfairSync)

